<?xml version="1.0" encoding="UTF-8"?>
<testng-results skipped="0" failed="0" ignored="0" total="1" passed="1">
  <reporter-output>
  </reporter-output>
  <suite name="Default suite" duration-ms="25477" started-at="2017-05-31T03:38:38Z" finished-at="2017-05-31T03:39:03Z">
    <groups>
    </groups>
    <test name="Default test" duration-ms="25477" started-at="2017-05-31T03:38:38Z" finished-at="2017-05-31T03:39:03Z">
      <class name="testcases.testcase">
        <test-method status="PASS" signature="testcase11()[pri:0, instance:testcases.testcase@ff5b51f]" name="testcase11" duration-ms="25455" started-at="2017-05-31T15:38:38Z" finished-at="2017-05-31T15:39:03Z">
          <reporter-output>
          </reporter-output>
        </test-method> <!-- testcase11 -->
      </class> <!-- testcases.testcase -->
    </test> <!-- Default test -->
  </suite> <!-- Default suite -->
</testng-results>
