<?xml version="1.0" encoding="UTF-8"?>
<testng-results skipped="0" failed="0" ignored="0" total="1" passed="1">
  <reporter-output>
  </reporter-output>
  <suite name="Default suite" duration-ms="23204" started-at="2017-05-24T02:34:57Z" finished-at="2017-05-24T02:35:20Z">
    <groups>
    </groups>
    <test name="Default test" duration-ms="23204" started-at="2017-05-24T02:34:57Z" finished-at="2017-05-24T02:35:20Z">
      <class name="testcases.testcase1">
        <test-method status="PASS" signature="testcase11()[pri:0, instance:testcases.testcase1@6e06451e]" name="testcase11" duration-ms="23184" started-at="2017-05-24T14:34:57Z" finished-at="2017-05-24T14:35:20Z">
          <reporter-output>
          </reporter-output>
        </test-method> <!-- testcase11 -->
      </class> <!-- testcases.testcase1 -->
    </test> <!-- Default test -->
  </suite> <!-- Default suite -->
</testng-results>
